<?xml version='1.0' encoding='UTF-8'?>
<testsuite hostname="knoldus" name="com.knoldus.service.UserServiceSpec" tests="8" errors="0" failures="1" skipped="0" time="0.447" timestamp="2019-06-28T12:57:05">
                     <properties>
[...]
</properties>
                     <testcase classname="com.knoldus.service.UserServiceSpec" name="UserService#addUser should add user successfully" time="0.393">
                                                 <failure message="Right(User(5d15c14b2e2fe94dee684073,Ada,Lovelace,us,17/1970,222222222,WD)) was not equal to Left(User(5d15c14b2e2fe94dee684073,Ada,Lovelace,us,17/1970,222222222,WD))" type="org.scalatest.exceptions.TestFailedException">org.scalatest.exceptions.TestFailedException: Right(User(5d15c14b2e2fe94dee684073,Ada,Lovelace,us,17/1970,222222222,WD)) was not equal to Left(User(5d15c14b2e2fe94dee684073,Ada,Lovelace,us,17/1970,222222222,WD))
	at org.scalatest.MatchersHelper$.indicateFailure(MatchersHelper.scala:346)
	at org.scalatest.Matchers$AnyShouldWrapper.shouldBe(Matchers.scala:6864)
	at com.knoldus.service.UserServiceSpec.$anonfun$new$3(UserServiceSpec.scala:40)
	at org.scalatest.concurrent.Futures.whenReady(Futures.scala:677)
	at org.scalatest.concurrent.Futures.whenReady$(Futures.scala:675)
	at com.knoldus.service.UserServiceSpec.whenReady(UserServiceSpec.scala:20)
	at com.knoldus.service.UserServiceSpec.$anonfun$new$2(UserServiceSpec.scala:40)
	at org.scalatest.OutcomeOf.outcomeOf(OutcomeOf.scala:85)
	at org.scalatest.OutcomeOf.outcomeOf$(OutcomeOf.scala:83)
	at org.scalatest.OutcomeOf$.outcomeOf(OutcomeOf.scala:104)
	at org.scalatest.Transformer.apply(Transformer.scala:22)
	at org.scalatest.Transformer.apply(Transformer.scala:20)
	at org.scalatest.WordSpecLike$$anon$1.apply(WordSpecLike.scala:1078)
	at org.scalatest.TestSuite.withFixture(TestSuite.scala:196)
	at org.scalatest.TestSuite.withFixture$(TestSuite.scala:195)
	at org.scalatest.WordSpec.withFixture(WordSpec.scala:1881)
	at org.scalatest.WordSpecLike.invokeWithFixture$1(WordSpecLike.scala:1076)
	at org.scalatest.WordSpecLike.$anonfun$runTest$1(WordSpecLike.scala:1088)
	at org.scalatest.SuperEngine.runTestImpl(Engine.scala:289)
	at org.scalatest.WordSpecLike.runTest(WordSpecLike.scala:1088)
	at org.scalatest.WordSpecLike.runTest$(WordSpecLike.scala:1070)
	at org.scalatest.WordSpec.runTest(WordSpec.scala:1881)
	at org.scalatest.WordSpecLike.$anonfun$runTests$1(WordSpecLike.scala:1147)
	at org.scalatest.SuperEngine.$anonfun$runTestsInBranch$1(Engine.scala:396)
	at scala.collection.immutable.List.foreach(List.scala:392)
	at org.scalatest.SuperEngine.traverseSubNodes$1(Engine.scala:384)
	at org.scalatest.SuperEngine.runTestsInBranch(Engine.scala:373)
	at org.scalatest.SuperEngine.$anonfun$runTestsInBranch$1(Engine.scala:410)
	at scala.collection.immutable.List.foreach(List.scala:392)
	at org.scalatest.SuperEngine.traverseSubNodes$1(Engine.scala:384)
	at org.scalatest.SuperEngine.runTestsInBranch(Engine.scala:379)
	at org.scalatest.SuperEngine.runTestsImpl(Engine.scala:461)
	at org.scalatest.WordSpecLike.runTests(WordSpecLike.scala:1147)
	at org.scalatest.WordSpecLike.runTests$(WordSpecLike.scala:1146)
	at org.scalatest.WordSpec.runTests(WordSpec.scala:1881)
	at org.scalatest.Suite.run(Suite.scala:1147)
	at org.scalatest.Suite.run$(Suite.scala:1129)
	at org.scalatest.WordSpec.org$scalatest$WordSpecLike$$super$run(WordSpec.scala:1881)
	at org.scalatest.WordSpecLike.$anonfun$run$1(WordSpecLike.scala:1192)
	at org.scalatest.SuperEngine.runImpl(Engine.scala:521)
	at org.scalatest.WordSpecLike.run(WordSpecLike.scala:1192)
	at org.scalatest.WordSpecLike.run$(WordSpecLike.scala:1190)
	at org.scalatest.WordSpec.run(WordSpec.scala:1881)
	at org.scalatest.tools.Framework.org$scalatest$tools$Framework$$runSuite(Framework.scala:314)
	at org.scalatest.tools.Framework$ScalaTestTask.execute(Framework.scala:507)
	at sbt.TestRunner.runTest$1(TestFramework.scala:113)
	at sbt.TestRunner.run(TestFramework.scala:124)
	at sbt.TestFramework$$anon$2$$anonfun$$lessinit$greater$1.$anonfun$apply$1(TestFramework.scala:282)
	at sbt.TestFramework$.sbt$TestFramework$$withContextLoader(TestFramework.scala:246)
	at sbt.TestFramework$$anon$2$$anonfun$$lessinit$greater$1.apply(TestFramework.scala:282)
	at sbt.TestFramework$$anon$2$$anonfun$$lessinit$greater$1.apply(TestFramework.scala:282)
	at sbt.TestFunction.apply(TestFramework.scala:294)
	at sbt.Tests$.$anonfun$toTask$1(Tests.scala:309)
	at sbt.std.Transform$$anon$3.$anonfun$apply$2(System.scala:46)
	at sbt.std.Transform$$anon$4.work(System.scala:67)
	at sbt.Execute.$anonfun$submit$2(Execute.scala:269)
	at sbt.internal.util.ErrorHandling$.wideConvert(ErrorHandling.scala:16)
	at sbt.Execute.work(Execute.scala:278)
	at sbt.Execute.$anonfun$submit$1(Execute.scala:269)
	at sbt.ConcurrentRestrictions$$anon$4.$anonfun$submitValid$1(ConcurrentRestrictions.scala:178)
	at sbt.CompletionService$$anon$2.call(CompletionService.scala:37)
	at java.base/java.util.concurrent.FutureTask.run(FutureTask.java:264)
	at java.base/java.util.concurrent.Executors$RunnableAdapter.call(Executors.java:515)
	at java.base/java.util.concurrent.FutureTask.run(FutureTask.java:264)
	at java.base/java.util.concurrent.ThreadPoolExecutor.runWorker(ThreadPoolExecutor.java:1128)
	at java.base/java.util.concurrent.ThreadPoolExecutor$Worker.run(ThreadPoolExecutor.java:628)
	at java.base/java.lang.Thread.run(Thread.java:834)
</failure>
                                               </testcase><testcase classname="com.knoldus.service.UserServiceSpec" name="UserService#addUser should unable to add user if user already exist" time="0.002">
                                                 
                                               </testcase><testcase classname="com.knoldus.service.UserServiceSpec" name="UserService#deleteUser should delete user successfully" time="0.019">
                                                 
                                               </testcase><testcase classname="com.knoldus.service.UserServiceSpec" name="UserService#deleteUser should unable to delete user if user already exist" time="0.005">
                                                 
                                               </testcase><testcase classname="com.knoldus.service.UserServiceSpec" name="UserService#findUSer should user found successfully" time="0.005">
                                                 
                                               </testcase><testcase classname="com.knoldus.service.UserServiceSpec" name="UserService#findUSer should unable to find user if user not already exist" time="0.005">
                                                 
                                               </testcase><testcase classname="com.knoldus.service.UserServiceSpec" name="UserService#updateUSer should update user successfully" time="0.014">
                                                 
                                               </testcase><testcase classname="com.knoldus.service.UserServiceSpec" name="UserService#updateUSer should unable to update user" time="0.004">
                                                 
                                               </testcase>
                     <system-out><![CDATA[]]></system-out>
                     <system-err><![CDATA[]]></system-err>
                   </testsuite>